0 info it worked if it ends with ok
1 verbose cli [ '/usr/local/nvm/versions/node/v6.9.2/bin/node',
1 verbose cli   '/usr/local/nvm/versions/node/v6.9.2/bin/npm',
1 verbose cli   'start' ]
2 info using npm@3.10.9
3 info using node@v6.9.2
4 verbose run-script [ 'prestart', 'start', 'poststart' ]
5 info lifecycle open-legend@0.0.0~prestart: open-legend@0.0.0
6 silly lifecycle open-legend@0.0.0~prestart: no script for prestart, continuing
7 info lifecycle open-legend@0.0.0~start: open-legend@0.0.0
8 verbose lifecycle open-legend@0.0.0~start: unsafe-perm in lifecycle true
9 verbose lifecycle open-legend@0.0.0~start: PATH: /usr/local/nvm/versions/node/v6.9.2/lib/node_modules/npm/bin/node-gyp-bin:/Users/brianfeister/dev/open-legend/dist/node_modules/.bin:/Users/brianfeister/Downloads/google-cloud-sdk/bin:/usr/local/nvm/versions/node/v6.9.2/bin:~/.cabal/bin:/Users/brianfeister/perl5/bin:/usr/local/heroku/bin:/usr/bin:/bin:/usr/sbin:/sbin:/usr/local/bin:/opt/X11/bin:/usr/texbin
10 verbose lifecycle open-legend@0.0.0~start: CWD: /Users/brianfeister/dev/open-legend/dist
11 silly lifecycle open-legend@0.0.0~start: Args: [ '-c', 'node server/app.js' ]
12 silly lifecycle open-legend@0.0.0~start: Returned: code: 1  signal: null
13 info lifecycle open-legend@0.0.0~start: Failed to exec start script
14 verbose stack Error: open-legend@0.0.0 start: `node server/app.js`
14 verbose stack Exit status 1
14 verbose stack     at EventEmitter.<anonymous> (/usr/local/nvm/versions/node/v6.9.2/lib/node_modules/npm/lib/utils/lifecycle.js:255:16)
14 verbose stack     at emitTwo (events.js:106:13)
14 verbose stack     at EventEmitter.emit (events.js:191:7)
14 verbose stack     at ChildProcess.<anonymous> (/usr/local/nvm/versions/node/v6.9.2/lib/node_modules/npm/lib/utils/spawn.js:40:14)
14 verbose stack     at emitTwo (events.js:106:13)
14 verbose stack     at ChildProcess.emit (events.js:191:7)
14 verbose stack     at maybeClose (internal/child_process.js:877:16)
14 verbose stack     at Process.ChildProcess._handle.onexit (internal/child_process.js:226:5)
15 verbose pkgid open-legend@0.0.0
16 verbose cwd /Users/brianfeister/dev/open-legend/dist
17 error Darwin 14.5.0
18 error argv "/usr/local/nvm/versions/node/v6.9.2/bin/node" "/usr/local/nvm/versions/node/v6.9.2/bin/npm" "start"
19 error node v6.9.2
20 error npm  v3.10.9
21 error code ELIFECYCLE
22 error open-legend@0.0.0 start: `node server/app.js`
22 error Exit status 1
23 error Failed at the open-legend@0.0.0 start script 'node server/app.js'.
23 error Make sure you have the latest version of node.js and npm installed.
23 error If you do, this is most likely a problem with the open-legend package,
23 error not with npm itself.
23 error Tell the author that this fails on your system:
23 error     node server/app.js
23 error You can get information on how to open an issue for this project with:
23 error     npm bugs open-legend
23 error Or if that isn't available, you can get their info via:
23 error     npm owner ls open-legend
23 error There is likely additional logging output above.
24 verbose exit [ 1, true ]
